[INFO  - 2017-05-05T05:47:19.352Z] GhostDriver - Main - running on port 63950
[INFO  - 2017-05-05T05:47:19.585Z] Session [4d87e6b0-3156-11e7-8719-05ffb86e8474] - page.settings - {"XSSAuditingEnabled":false,"javascriptCanCloseWindows":true,"javascriptCanOpenWindows":true,"javascriptEnabled":true,"loadImages":true,"localToRemoteUrlAccessEnabled":false,"userAgent":"Mozilla/5.0 (Windows NT 6.1; WOW64; rv:41.0) Gecko/20100101 Firefox/41.0","webSecurityEnabled":true}
[INFO  - 2017-05-05T05:47:19.585Z] Session [4d87e6b0-3156-11e7-8719-05ffb86e8474] - page.customHeaders:  - {}
[INFO  - 2017-05-05T05:47:19.585Z] Session [4d87e6b0-3156-11e7-8719-05ffb86e8474] - Session.negotiatedCapabilities - {"browserName":"phantomjs","version":"2.1.1","driverName":"ghostdriver","driverVersion":"1.2.0","platform":"mac-unknown-64bit","javascriptEnabled":true,"takesScreenshot":true,"handlesAlerts":false,"databaseEnabled":false,"locationContextEnabled":false,"applicationCacheEnabled":false,"browserConnectionEnabled":false,"cssSelectorsEnabled":true,"webStorageEnabled":false,"rotatable":false,"acceptSslCerts":false,"nativeEvents":true,"proxy":{"proxyType":"direct"},"phantomjs.page.settings.resourceTimeout":"1000","phantomjs.page.settings.userAgent":"Mozilla/5.0 (Windows NT 6.1; WOW64; rv:41.0) Gecko/20100101 Firefox/41.0"}
[INFO  - 2017-05-05T05:47:19.585Z] SessionManagerReqHand - _postNewSessionCommand - New Session Created: 4d87e6b0-3156-11e7-8719-05ffb86e8474
[ERROR - 2017-05-05T05:47:52.023Z] Session [4d87e6b0-3156-11e7-8719-05ffb86e8474] - page.onError - msg: TypeError: Attempting to configurable attribute of unconfigurable property.

  phantomjs://platform/console++.js:263 in error
[ERROR - 2017-05-05T05:47:52.023Z] Session [4d87e6b0-3156-11e7-8719-05ffb86e8474] - page.onError - stack:
  defineProperty (http://dn-growing.qbox.me/vds.js:2)
  registerHistoryHandler (http://dn-growing.qbox.me/vds.js:2)
  domLoadedHandler (http://dn-growing.qbox.me/vds.js:2)
  (anonymous function) (http://dn-growing.qbox.me/vds.js:2)

  phantomjs://platform/console++.js:263 in error
[ERROR - 2017-05-05T05:48:58.869Z] Session [4d87e6b0-3156-11e7-8719-05ffb86e8474] - page.onError - msg: TypeError: Attempting to configurable attribute of unconfigurable property.

  phantomjs://platform/console++.js:263 in error
[ERROR - 2017-05-05T05:48:58.869Z] Session [4d87e6b0-3156-11e7-8719-05ffb86e8474] - page.onError - stack:
  defineProperty (https://dn-growing.qbox.me/vds.js:2)
  registerHistoryHandler (https://dn-growing.qbox.me/vds.js:2)
  domLoadedHandler (https://dn-growing.qbox.me/vds.js:2)
  (anonymous function) (https://dn-growing.qbox.me/vds.js:2)

  phantomjs://platform/console++.js:263 in error
[INFO  - 2017-05-05T05:52:19.359Z] SessionManagerReqHand - _cleanupWindowlessSessions - Asynchronous Sessions clean-up phase starting NOW
[INFO  - 2017-05-05T05:57:19.370Z] SessionManagerReqHand - _cleanupWindowlessSessions - Asynchronous Sessions clean-up phase starting NOW
