[INFO  - 2016-12-09T03:10:07.651Z] GhostDriver - Main - running on port 55853
[INFO  - 2016-12-09T03:10:08.493Z] Session [fd70aca0-bdbc-11e6-ad12-e3589aedac77] - page.settings - {"XSSAuditingEnabled":false,"javascriptCanCloseWindows":true,"javascriptCanOpenWindows":true,"javascriptEnabled":true,"loadImages":true,"localToRemoteUrlAccessEnabled":false,"userAgent":"Mozilla/5.0 (Unknown; Linux x86_64) AppleWebKit/538.1 (KHTML, like Gecko) PhantomJS/2.1.1 Safari/538.1","webSecurityEnabled":true}
[INFO  - 2016-12-09T03:10:08.494Z] Session [fd70aca0-bdbc-11e6-ad12-e3589aedac77] - page.customHeaders:  - {}
[INFO  - 2016-12-09T03:10:08.494Z] Session [fd70aca0-bdbc-11e6-ad12-e3589aedac77] - Session.negotiatedCapabilities - {"browserName":"phantomjs","version":"2.1.1","driverName":"ghostdriver","driverVersion":"1.2.0","platform":"linux-unknown-64bit","javascriptEnabled":true,"takesScreenshot":true,"handlesAlerts":false,"databaseEnabled":false,"locationContextEnabled":false,"applicationCacheEnabled":false,"browserConnectionEnabled":false,"cssSelectorsEnabled":true,"webStorageEnabled":false,"rotatable":false,"acceptSslCerts":false,"nativeEvents":true,"proxy":{"proxyType":"direct"}}
[INFO  - 2016-12-09T03:10:08.494Z] SessionManagerReqHand - _postNewSessionCommand - New Session Created: fd70aca0-bdbc-11e6-ad12-e3589aedac77
[ERROR - 2016-12-09T03:10:37.277Z] Session [fd70aca0-bdbc-11e6-ad12-e3589aedac77] - page.onError - msg: TypeError: true is not a function (evaluating 'x.isLogin()')

  phantomjs://platform/console++.js:263 in error
[ERROR - 2016-12-09T03:10:37.277Z] Session [fd70aca0-bdbc-11e6-ad12-e3589aedac77] - page.onError - stack:
  (anonymous function) (https://astyle-src.alicdn.com/sys/js/universal/alibar/merge-v4.js:3)
  f (https://assets.1688.com/??js/export/lib-winport.js,js/part/noiframe.js:1)
  fireWith (https://assets.1688.com/??js/export/lib-winport.js,js/part/noiframe.js:1)
  fire (https://assets.1688.com/??js/export/lib-winport.js,js/part/noiframe.js:1)
  (anonymous function) (https://assets.1688.com/??js/export/lib-winport.js,js/part/noiframe.js:6)
  f (https://assets.1688.com/??js/export/lib-winport.js,js/part/noiframe.js:1)
  fireWith (https://assets.1688.com/??js/export/lib-winport.js,js/part/noiframe.js:1)
  fire (https://assets.1688.com/??js/export/lib-winport.js,js/part/noiframe.js:1)
  (anonymous function) (https://assets.1688.com/??js/export/lib-winport.js,js/part/noiframe.js:6)
  l (https://assets.1688.com/??js/export/lib-winport.js,js/part/noiframe.js:6)
  (anonymous function) (https://assets.1688.com/??js/export/lib-winport.js,js/part/noiframe.js:6)
  each (https://assets.1688.com/??js/export/lib-winport.js,js/part/noiframe.js:1)
  use (https://assets.1688.com/??js/export/lib-winport.js,js/part/noiframe.js:6)
  (anonymous function) (https://assets.1688.com/??js/export/lib-winport.js,js/part/noiframe.js:6)
  f (https://assets.1688.com/??js/export/lib-winport.js,js/part/noiframe.js:1)
  fireWith (https://assets.1688.com/??js/export/lib-winport.js,js/part/noiframe.js:1)
  r (https://assets.1688.com/??js/export/lib-winport.js,js/part/noiframe.js:5)
  onreadystatechange (https://assets.1688.com/??js/export/lib-winport.js,js/part/noiframe.js:5)

  phantomjs://platform/console++.js:263 in error
[INFO  - 2016-12-09T03:15:07.656Z] SessionManagerReqHand - _cleanupWindowlessSessions - Asynchronous Sessions clean-up phase starting NOW
[INFO  - 2016-12-09T03:20:07.656Z] SessionManagerReqHand - _cleanupWindowlessSessions - Asynchronous Sessions clean-up phase starting NOW
[INFO  - 2016-12-09T03:25:07.656Z] SessionManagerReqHand - _cleanupWindowlessSessions - Asynchronous Sessions clean-up phase starting NOW
[INFO  - 2016-12-09T03:30:07.654Z] SessionManagerReqHand - _cleanupWindowlessSessions - Asynchronous Sessions clean-up phase starting NOW
[INFO  - 2016-12-09T03:35:07.657Z] SessionManagerReqHand - _cleanupWindowlessSessions - Asynchronous Sessions clean-up phase starting NOW
[INFO  - 2016-12-09T03:40:07.654Z] SessionManagerReqHand - _cleanupWindowlessSessions - Asynchronous Sessions clean-up phase starting NOW
[INFO  - 2016-12-09T03:45:07.654Z] SessionManagerReqHand - _cleanupWindowlessSessions - Asynchronous Sessions clean-up phase starting NOW
[INFO  - 2016-12-09T03:50:07.654Z] SessionManagerReqHand - _cleanupWindowlessSessions - Asynchronous Sessions clean-up phase starting NOW
[INFO  - 2016-12-09T03:55:07.654Z] SessionManagerReqHand - _cleanupWindowlessSessions - Asynchronous Sessions clean-up phase starting NOW
[INFO  - 2016-12-09T04:00:07.654Z] SessionManagerReqHand - _cleanupWindowlessSessions - Asynchronous Sessions clean-up phase starting NOW
[INFO  - 2016-12-09T04:05:07.654Z] SessionManagerReqHand - _cleanupWindowlessSessions - Asynchronous Sessions clean-up phase starting NOW
[INFO  - 2016-12-09T04:10:07.654Z] SessionManagerReqHand - _cleanupWindowlessSessions - Asynchronous Sessions clean-up phase starting NOW
[INFO  - 2016-12-09T04:15:07.654Z] SessionManagerReqHand - _cleanupWindowlessSessions - Asynchronous Sessions clean-up phase starting NOW
[INFO  - 2016-12-09T04:20:07.654Z] SessionManagerReqHand - _cleanupWindowlessSessions - Asynchronous Sessions clean-up phase starting NOW
[INFO  - 2016-12-09T04:25:07.656Z] SessionManagerReqHand - _cleanupWindowlessSessions - Asynchronous Sessions clean-up phase starting NOW
[INFO  - 2016-12-09T04:30:07.654Z] SessionManagerReqHand - _cleanupWindowlessSessions - Asynchronous Sessions clean-up phase starting NOW
[INFO  - 2016-12-09T04:35:07.654Z] SessionManagerReqHand - _cleanupWindowlessSessions - Asynchronous Sessions clean-up phase starting NOW
[INFO  - 2016-12-09T04:40:07.654Z] SessionManagerReqHand - _cleanupWindowlessSessions - Asynchronous Sessions clean-up phase starting NOW
[INFO  - 2016-12-09T04:45:07.654Z] SessionManagerReqHand - _cleanupWindowlessSessions - Asynchronous Sessions clean-up phase starting NOW
[INFO  - 2016-12-09T04:50:07.654Z] SessionManagerReqHand - _cleanupWindowlessSessions - Asynchronous Sessions clean-up phase starting NOW
[INFO  - 2016-12-09T04:55:07.654Z] SessionManagerReqHand - _cleanupWindowlessSessions - Asynchronous Sessions clean-up phase starting NOW
[INFO  - 2016-12-09T05:00:07.654Z] SessionManagerReqHand - _cleanupWindowlessSessions - Asynchronous Sessions clean-up phase starting NOW
[INFO  - 2016-12-09T05:05:07.654Z] SessionManagerReqHand - _cleanupWindowlessSessions - Asynchronous Sessions clean-up phase starting NOW
[INFO  - 2016-12-09T05:10:07.654Z] SessionManagerReqHand - _cleanupWindowlessSessions - Asynchronous Sessions clean-up phase starting NOW
[INFO  - 2016-12-09T05:15:07.654Z] SessionManagerReqHand - _cleanupWindowlessSessions - Asynchronous Sessions clean-up phase starting NOW
[INFO  - 2016-12-09T05:20:07.654Z] SessionManagerReqHand - _cleanupWindowlessSessions - Asynchronous Sessions clean-up phase starting NOW
[INFO  - 2016-12-09T05:25:07.655Z] SessionManagerReqHand - _cleanupWindowlessSessions - Asynchronous Sessions clean-up phase starting NOW
[INFO  - 2016-12-09T05:30:07.655Z] SessionManagerReqHand - _cleanupWindowlessSessions - Asynchronous Sessions clean-up phase starting NOW
[INFO  - 2016-12-09T05:35:07.655Z] SessionManagerReqHand - _cleanupWindowlessSessions - Asynchronous Sessions clean-up phase starting NOW
[INFO  - 2016-12-09T05:40:07.655Z] SessionManagerReqHand - _cleanupWindowlessSessions - Asynchronous Sessions clean-up phase starting NOW
[INFO  - 2016-12-09T05:45:07.655Z] SessionManagerReqHand - _cleanupWindowlessSessions - Asynchronous Sessions clean-up phase starting NOW
[INFO  - 2016-12-09T05:50:07.655Z] SessionManagerReqHand - _cleanupWindowlessSessions - Asynchronous Sessions clean-up phase starting NOW
[INFO  - 2016-12-09T05:55:07.655Z] SessionManagerReqHand - _cleanupWindowlessSessions - Asynchronous Sessions clean-up phase starting NOW
[INFO  - 2016-12-09T06:00:07.655Z] SessionManagerReqHand - _cleanupWindowlessSessions - Asynchronous Sessions clean-up phase starting NOW
[INFO  - 2016-12-09T06:05:07.655Z] SessionManagerReqHand - _cleanupWindowlessSessions - Asynchronous Sessions clean-up phase starting NOW
[INFO  - 2016-12-09T06:10:07.655Z] SessionManagerReqHand - _cleanupWindowlessSessions - Asynchronous Sessions clean-up phase starting NOW
[INFO  - 2016-12-09T06:15:07.655Z] SessionManagerReqHand - _cleanupWindowlessSessions - Asynchronous Sessions clean-up phase starting NOW
[INFO  - 2016-12-09T06:20:07.655Z] SessionManagerReqHand - _cleanupWindowlessSessions - Asynchronous Sessions clean-up phase starting NOW
[INFO  - 2016-12-09T06:25:07.655Z] SessionManagerReqHand - _cleanupWindowlessSessions - Asynchronous Sessions clean-up phase starting NOW
[INFO  - 2016-12-09T06:30:07.655Z] SessionManagerReqHand - _cleanupWindowlessSessions - Asynchronous Sessions clean-up phase starting NOW
[INFO  - 2016-12-09T06:35:07.655Z] SessionManagerReqHand - _cleanupWindowlessSessions - Asynchronous Sessions clean-up phase starting NOW
[INFO  - 2016-12-09T06:40:07.655Z] SessionManagerReqHand - _cleanupWindowlessSessions - Asynchronous Sessions clean-up phase starting NOW
[INFO  - 2016-12-09T06:45:07.655Z] SessionManagerReqHand - _cleanupWindowlessSessions - Asynchronous Sessions clean-up phase starting NOW
